c:\users\shy\source\repos\crossnet\crossnet\bin\debug\wwlib\wwlib\debug\wwlib.pch
c:\users\shy\source\repos\crossnet\crossnet\bin\debug\wwlib\wwlib\debug\vc141.pdb
c:\users\shy\source\repos\crossnet\crossnet\bin\debug\wwlib\wwlib\debug\vc141.idb
c:\users\shy\source\repos\crossnet\crossnet\bin\debug\wwlib\wwlib\debug\pch.obj
c:\users\shy\source\repos\crossnet\crossnet\bin\debug\wwlib\wwlib\debug\wwlib.obj
c:\users\shy\source\repos\crossnet\crossnet\bin\debug\wwlib\wwlib\debug\dllmain.obj
c:\users\shy\source\repos\crossnet\crossnet\bin\debug\wwlib\debug\wwlib.ilk
c:\users\shy\source\repos\crossnet\crossnet\bin\debug\wwlib\debug\wwlib.dll
c:\users\shy\source\repos\crossnet\crossnet\bin\debug\wwlib\debug\wwlib.pdb
c:\users\shy\source\repos\crossnet\crossnet\bin\debug\wwlib\wwlib\debug\wwlib2.res
c:\users\shy\source\repos\crossnet\crossnet\bin\debug\wwlib\debug\wwlib.lib
c:\users\shy\source\repos\crossnet\crossnet\bin\debug\wwlib\debug\wwlib.exp
c:\users\shy\source\repos\crossnet\crossnet\bin\debug\wwlib\wwlib\debug\wwlib.tlog\cl.command.1.tlog
c:\users\shy\source\repos\crossnet\crossnet\bin\debug\wwlib\wwlib\debug\wwlib.tlog\cl.read.1.tlog
c:\users\shy\source\repos\crossnet\crossnet\bin\debug\wwlib\wwlib\debug\wwlib.tlog\cl.write.1.tlog
c:\users\shy\source\repos\crossnet\crossnet\bin\debug\wwlib\wwlib\debug\wwlib.tlog\link.command.1.tlog
c:\users\shy\source\repos\crossnet\crossnet\bin\debug\wwlib\wwlib\debug\wwlib.tlog\link.read.1.tlog
c:\users\shy\source\repos\crossnet\crossnet\bin\debug\wwlib\wwlib\debug\wwlib.tlog\link.write.1.tlog
c:\users\shy\source\repos\crossnet\crossnet\bin\debug\wwlib\wwlib\debug\wwlib.tlog\rc.command.1.tlog
c:\users\shy\source\repos\crossnet\crossnet\bin\debug\wwlib\wwlib\debug\wwlib.tlog\rc.read.1.tlog
c:\users\shy\source\repos\crossnet\crossnet\bin\debug\wwlib\wwlib\debug\wwlib.tlog\rc.write.1.tlog
c:\users\shy\source\repos\crossnet\crossnet\bin\debug\wwlib\wwlib\debug\wwlib.tlog\wwlib.write.1u.tlog
