c:\users\shy\source\repos\crossnet\crossnet\bin\debug\wwlib\wwlib\release\wwlib.pch
c:\users\shy\source\repos\crossnet\crossnet\bin\debug\wwlib\wwlib\release\vc141.pdb
c:\users\shy\source\repos\crossnet\crossnet\bin\debug\wwlib\wwlib\release\pch.obj
c:\users\shy\source\repos\crossnet\crossnet\bin\debug\wwlib\wwlib\release\wwlib.obj
c:\users\shy\source\repos\crossnet\crossnet\bin\debug\wwlib\wwlib\release\dllmain.obj
c:\users\shy\source\repos\crossnet\crossnet\bin\debug\wwlib\release\wwlib.dll
c:\users\shy\source\repos\crossnet\crossnet\bin\debug\wwlib\release\wwlib.pdb
c:\users\shy\source\repos\crossnet\crossnet\bin\debug\wwlib\wwlib\release\wwlib2.res
c:\users\shy\source\repos\crossnet\crossnet\bin\debug\wwlib\release\wwlib.lib
c:\users\shy\source\repos\crossnet\crossnet\bin\debug\wwlib\release\wwlib.exp
c:\users\shy\source\repos\crossnet\crossnet\bin\debug\wwlib\wwlib\release\wwlib.tlog\cl.command.1.tlog
c:\users\shy\source\repos\crossnet\crossnet\bin\debug\wwlib\wwlib\release\wwlib.tlog\cl.read.1.tlog
c:\users\shy\source\repos\crossnet\crossnet\bin\debug\wwlib\wwlib\release\wwlib.tlog\cl.write.1.tlog
c:\users\shy\source\repos\crossnet\crossnet\bin\debug\wwlib\wwlib\release\wwlib.tlog\link.command.1.tlog
c:\users\shy\source\repos\crossnet\crossnet\bin\debug\wwlib\wwlib\release\wwlib.tlog\link.read.1.tlog
c:\users\shy\source\repos\crossnet\crossnet\bin\debug\wwlib\wwlib\release\wwlib.tlog\link.write.1.tlog
c:\users\shy\source\repos\crossnet\crossnet\bin\debug\wwlib\wwlib\release\wwlib.tlog\rc.command.1.tlog
c:\users\shy\source\repos\crossnet\crossnet\bin\debug\wwlib\wwlib\release\wwlib.tlog\rc.read.1.tlog
c:\users\shy\source\repos\crossnet\crossnet\bin\debug\wwlib\wwlib\release\wwlib.tlog\rc.write.1.tlog
c:\users\shy\source\repos\crossnet\crossnet\bin\debug\wwlib\wwlib\release\wwlib.tlog\wwlib.write.1u.tlog
